<?xml version="1.0" encoding="UTF-8"?>
<!-- Generated by org.testng.reporters.JUnitXMLReporter -->
<testsuite ignored="0" hostname="Sasi" failures="1" tests="11" name="Test" time="43.929" errors="0" timestamp="2022-09-30T07:55:36 IST">
  <testcase classname="com.selenium.testng.groups.DemoGroups" name="testsignup" time="28.262"/>
  <testcase classname="com.selenium.testng.groups.DemoGroups" name="verifyErrorsSignupTest" time="15.603">
    <failure type="org.openqa.selenium.InvalidSelectorException" message="invalid selector: Unable to locate an element with the xpath expression //div[@role=&amp;apos;table&amp;apos;]/div[2]/div[1]/div/div[3 because of the following error:
SyntaxError: Failed to execute &amp;apos;evaluate&amp;apos; on &amp;apos;Document&amp;apos;: The string &amp;apos;//div[@role=&amp;apos;table&amp;apos;]/div[2]/div[1]/div/div[3&amp;apos; is not a valid XPath expression.
  (Session info: chrome=105.0.5195.127)
For documentation on this error, please visit: https://www.seleniumhq.org/exceptions/invalid_selector_exception.html
Build info: version: &amp;apos;3.141.59&amp;apos;, revision: &amp;apos;e82be7d358&amp;apos;, time: &amp;apos;2018-11-14T08:17:03&amp;apos;
System info: host: &amp;apos;SASI&amp;apos;, ip: &amp;apos;192.168.1.3&amp;apos;, os.name: &amp;apos;Windows 10&amp;apos;, os.arch: &amp;apos;amd64&amp;apos;, os.version: &amp;apos;10.0&amp;apos;, java.version: &amp;apos;17.0.1&amp;apos;
Driver info: org.openqa.selenium.chrome.ChromeDriver
Capabilities {acceptInsecureCerts: false, browserName: chrome, browserVersion: 105.0.5195.127, chrome: {chromedriverVersion: 105.0.5195.52 (412c95e51883..., userDataDir: C:\Users\Lenovo\AppData\Loc...}, goog:chromeOptions: {debuggerAddress: localhost:58221}, javascriptEnabled: true, networkConnectionEnabled: false, pageLoadStrategy: normal, platform: WINDOWS, platformName: WINDOWS, proxy: Proxy(), setWindowRect: true, strictFileInteractability: false, timeouts: {implicit: 0, pageLoad: 300000, script: 30000}, unhandledPromptBehavior: dismiss and notify, webauthn:extension:credBlob: true, webauthn:extension:largeBlob: true, webauthn:virtualAuthenticators: true}
Session ID: 38f48d2e838d318e34ca8ffb69a331ba
*** Element info: {Using=xpath, value=//div[@role=&amp;apos;table&amp;apos;]/div[2]/div[1]/div/div[3}">
      <![CDATA[org.openqa.selenium.InvalidSelectorException: invalid selector: Unable to locate an element with the xpath expression //div[@role='table']/div[2]/div[1]/div/div[3 because of the following error:
SyntaxError: Failed to execute 'evaluate' on 'Document': The string '//div[@role='table']/div[2]/div[1]/div/div[3' is not a valid XPath expression.
  (Session info: chrome=105.0.5195.127)
For documentation on this error, please visit: https://www.seleniumhq.org/exceptions/invalid_selector_exception.html
Build info: version: '3.141.59', revision: 'e82be7d358', time: '2018-11-14T08:17:03'
System info: host: 'SASI', ip: '192.168.1.3', os.name: 'Windows 10', os.arch: 'amd64', os.version: '10.0', java.version: '17.0.1'
Driver info: org.openqa.selenium.chrome.ChromeDriver
Capabilities {acceptInsecureCerts: false, browserName: chrome, browserVersion: 105.0.5195.127, chrome: {chromedriverVersion: 105.0.5195.52 (412c95e51883..., userDataDir: C:\Users\Lenovo\AppData\Loc...}, goog:chromeOptions: {debuggerAddress: localhost:58221}, javascriptEnabled: true, networkConnectionEnabled: false, pageLoadStrategy: normal, platform: WINDOWS, platformName: WINDOWS, proxy: Proxy(), setWindowRect: true, strictFileInteractability: false, timeouts: {implicit: 0, pageLoad: 300000, script: 30000}, unhandledPromptBehavior: dismiss and notify, webauthn:extension:credBlob: true, webauthn:extension:largeBlob: true, webauthn:virtualAuthenticators: true}
Session ID: 38f48d2e838d318e34ca8ffb69a331ba
*** Element info: {Using=xpath, value=//div[@role='table']/div[2]/div[1]/div/div[3}
at org.openqa.selenium.remote.http.W3CHttpResponseCodec.createException(W3CHttpResponseCodec.java:187)
at org.openqa.selenium.remote.http.W3CHttpResponseCodec.decode(W3CHttpResponseCodec.java:122)
at org.openqa.selenium.remote.http.W3CHttpResponseCodec.decode(W3CHttpResponseCodec.java:49)
at org.openqa.selenium.remote.HttpCommandExecutor.execute(HttpCommandExecutor.java:158)
at org.openqa.selenium.remote.service.DriverCommandExecutor.execute(DriverCommandExecutor.java:83)
at org.openqa.selenium.remote.RemoteWebDriver.execute(RemoteWebDriver.java:552)
at org.openqa.selenium.remote.RemoteWebDriver.findElement(RemoteWebDriver.java:323)
at org.openqa.selenium.remote.RemoteWebDriver.findElementByXPath(RemoteWebDriver.java:428)
at org.openqa.selenium.By$ByXPath.findElement(By.java:353)
at org.openqa.selenium.remote.RemoteWebDriver.findElement(RemoteWebDriver.java:315)
at com.selenium.testng.groups.DemoGroups.verifyErrorsSignupTest(DemoGroups.java:108)
at java.base/java.util.ArrayList.forEach(ArrayList.java:1511)
... Removed 36 stack frames]]>
    </failure>
  </testcase> <!-- verifyErrorsSignupTest -->
  <testcase classname="com.selenium.testng.groups.DemoGroups" name="testAdminSignup" time="0.0"/>
  <testcase classname="com.selenium.testng.groups.DemoGroups" name="testStaffSignup" time="0.0"/>
  <testcase classname="com.selenium.testng.groups.DemoGroups" name="testLeave" time="0.0"/>
  <testcase classname="com.selenium.testng.groups.DemoGroups" name="testLeaveErrors" time="0.0"/>
  <testcase classname="com.selenium.testng.groups.DemoGroups" name="testApplyLeave" time="0.0"/>
  <testcase classname="com.selenium.testng.groups.DemoGroups" name="testEditLeave" time="0.0"/>
  <testcase classname="com.selenium.testng.groups.DemoGroups" name="testRejectLeave" time="0.0"/>
  <testcase classname="com.selenium.testng.groups.DemoGroups" name="testCancelLeave" time="0.0"/>
  <testcase classname="com.selenium.testng.groups.DemoGroups" name="testApproveLeave" time="0.0"/>
</testsuite> <!-- Test -->
